{"synthetic": false,
 "outputs":
 {"o": ["8662437682197978751"],
  "i": "8562411139706782453",
  "c": "213642282776731573"},
 "log":
 [{"message":
   ".> LEAN_PATH=/home/stepanie/Downloads/heyting-surreal/WIP/ClosingTheLoop_PaperPack/RESEARCHER_BUNDLE/.lake/packages/mathlib/.lake/build/lib/lean:/home/stepanie/Downloads/heyting-surreal/WIP/ClosingTheLoop_PaperPack/RESEARCHER_BUNDLE/.lake/packages/plausible/.lake/build/lib/lean:/home/stepanie/Downloads/heyting-surreal/WIP/ClosingTheLoop_PaperPack/RESEARCHER_BUNDLE/.lake/packages/LeanSearchClient/.lake/build/lib/lean:/home/stepanie/Downloads/heyting-surreal/WIP/ClosingTheLoop_PaperPack/RESEARCHER_BUNDLE/.lake/packages/importGraph/.lake/build/lib/lean:/home/stepanie/Downloads/heyting-surreal/WIP/ClosingTheLoop_PaperPack/RESEARCHER_BUNDLE/.lake/packages/proofwidgets/.lake/build/lib/lean:/home/stepanie/Downloads/heyting-surreal/WIP/ClosingTheLoop_PaperPack/RESEARCHER_BUNDLE/.lake/packages/aesop/.lake/build/lib/lean:/home/stepanie/Downloads/heyting-surreal/WIP/ClosingTheLoop_PaperPack/RESEARCHER_BUNDLE/.lake/packages/Qq/.lake/build/lib/lean:/home/stepanie/Downloads/heyting-surreal/WIP/ClosingTheLoop_PaperPack/RESEARCHER_BUNDLE/.lake/packages/batteries/.lake/build/lib/lean:/home/stepanie/Downloads/heyting-surreal/WIP/ClosingTheLoop_PaperPack/RESEARCHER_BUNDLE/.lake/packages/Cli/.lake/build/lib/lean:/home/stepanie/Downloads/heyting-surreal/WIP/ClosingTheLoop_PaperPack/RESEARCHER_BUNDLE/.lake/build/lib/lean /home/stepanie/.elan/toolchains/leanprover--lean4---v4.24.0/bin/lean /home/stepanie/Downloads/heyting-surreal/WIP/ClosingTheLoop_PaperPack/RESEARCHER_BUNDLE/HeytingLean/ClosingTheLoop/FA/Temporal.lean -o /home/stepanie/Downloads/heyting-surreal/WIP/ClosingTheLoop_PaperPack/RESEARCHER_BUNDLE/.lake/build/lib/lean/HeytingLean/ClosingTheLoop/FA/Temporal.olean -i /home/stepanie/Downloads/heyting-surreal/WIP/ClosingTheLoop_PaperPack/RESEARCHER_BUNDLE/.lake/build/lib/lean/HeytingLean/ClosingTheLoop/FA/Temporal.ilean -c /home/stepanie/Downloads/heyting-surreal/WIP/ClosingTheLoop_PaperPack/RESEARCHER_BUNDLE/.lake/build/ir/HeytingLean/ClosingTheLoop/FA/Temporal.c --setup /home/stepanie/Downloads/heyting-surreal/WIP/ClosingTheLoop_PaperPack/RESEARCHER_BUNDLE/.lake/build/ir/HeytingLean/ClosingTheLoop/FA/Temporal.setup.json --json",
   "level": "trace"}],
 "inputs":
 [["HeytingLean.ClosingTheLoop.FA.Temporal:deps",
   [["deps",
     [["ClosingTheLoopBundle/HeytingLean:extraDep",
       [["@ClosingTheLoopBundle:extraDep", "1723"]]],
      ["imports",
       [["Mathlib.CategoryTheory.Functor.Basic transitive imports (legacy)",
         "14260324065921663612"],
        ["Mathlib.CategoryTheory.Functor.Basic:importAllArts",
         "1046708960484909017"],
        ["Mathlib.CategoryTheory.Types.Basic transitive imports (legacy)",
         "1412451307835135273"],
        ["Mathlib.CategoryTheory.Types.Basic:importAllArts",
         "9256773193115597172"]]]]],
    ["libs",
     [["import dynlibs", "1723"],
      ["package external libraries", "1723"],
      ["module dynlibs", "1723"],
      ["module plugins", "1723"]]]]],
  ["Lean 4.24.0, commit 797c613eb9b6d4ec95db23e3e00af9ac6657f24b",
   "1165570713881806064"],
  ["/home/stepanie/Downloads/heyting-surreal/WIP/ClosingTheLoop_PaperPack/RESEARCHER_BUNDLE/HeytingLean/ClosingTheLoop/FA/Temporal.lean",
   "1263326213441839497"],
  ["options", "1723"],
  ["Module.leanArgs: #[]", "1723"]],
 "depHash": "15639225250549743302"}