{"synthetic": false,
 "outputs":
 {"o": ["17104937756423244100"],
  "i": "2201851071275649276",
  "c": "6970355446426519403"},
 "log":
 [{"message":
   ".> LEAN_PATH=/home/stepanie/Downloads/heyting-surreal/WIP/ClosingTheLoop_PaperPack/RESEARCHER_BUNDLE/.lake/packages/mathlib/.lake/build/lib/lean:/home/stepanie/Downloads/heyting-surreal/WIP/ClosingTheLoop_PaperPack/RESEARCHER_BUNDLE/.lake/packages/plausible/.lake/build/lib/lean:/home/stepanie/Downloads/heyting-surreal/WIP/ClosingTheLoop_PaperPack/RESEARCHER_BUNDLE/.lake/packages/LeanSearchClient/.lake/build/lib/lean:/home/stepanie/Downloads/heyting-surreal/WIP/ClosingTheLoop_PaperPack/RESEARCHER_BUNDLE/.lake/packages/importGraph/.lake/build/lib/lean:/home/stepanie/Downloads/heyting-surreal/WIP/ClosingTheLoop_PaperPack/RESEARCHER_BUNDLE/.lake/packages/proofwidgets/.lake/build/lib/lean:/home/stepanie/Downloads/heyting-surreal/WIP/ClosingTheLoop_PaperPack/RESEARCHER_BUNDLE/.lake/packages/aesop/.lake/build/lib/lean:/home/stepanie/Downloads/heyting-surreal/WIP/ClosingTheLoop_PaperPack/RESEARCHER_BUNDLE/.lake/packages/Qq/.lake/build/lib/lean:/home/stepanie/Downloads/heyting-surreal/WIP/ClosingTheLoop_PaperPack/RESEARCHER_BUNDLE/.lake/packages/batteries/.lake/build/lib/lean:/home/stepanie/Downloads/heyting-surreal/WIP/ClosingTheLoop_PaperPack/RESEARCHER_BUNDLE/.lake/packages/Cli/.lake/build/lib/lean:/home/stepanie/Downloads/heyting-surreal/WIP/ClosingTheLoop_PaperPack/RESEARCHER_BUNDLE/.lake/build/lib/lean /home/stepanie/.elan/toolchains/leanprover--lean4---v4.24.0/bin/lean /home/stepanie/Downloads/heyting-surreal/WIP/ClosingTheLoop_PaperPack/RESEARCHER_BUNDLE/HeytingLean/ClosingTheLoop/Cat/ClosureOperator.lean -o /home/stepanie/Downloads/heyting-surreal/WIP/ClosingTheLoop_PaperPack/RESEARCHER_BUNDLE/.lake/build/lib/lean/HeytingLean/ClosingTheLoop/Cat/ClosureOperator.olean -i /home/stepanie/Downloads/heyting-surreal/WIP/ClosingTheLoop_PaperPack/RESEARCHER_BUNDLE/.lake/build/lib/lean/HeytingLean/ClosingTheLoop/Cat/ClosureOperator.ilean -c /home/stepanie/Downloads/heyting-surreal/WIP/ClosingTheLoop_PaperPack/RESEARCHER_BUNDLE/.lake/build/ir/HeytingLean/ClosingTheLoop/Cat/ClosureOperator.c --setup /home/stepanie/Downloads/heyting-surreal/WIP/ClosingTheLoop_PaperPack/RESEARCHER_BUNDLE/.lake/build/ir/HeytingLean/ClosingTheLoop/Cat/ClosureOperator.setup.json --json",
   "level": "trace"}],
 "inputs":
 [["HeytingLean.ClosingTheLoop.Cat.ClosureOperator:deps",
   [["deps",
     [["ClosingTheLoopBundle/HeytingLean:extraDep",
       [["@ClosingTheLoopBundle:extraDep", "1723"]]],
      ["imports",
       [["HeytingLean.ClosingTheLoop.Cat.InverseEvaluation transitive imports (legacy)",
         "11957266884870561951"],
        ["HeytingLean.ClosingTheLoop.Cat.InverseEvaluation:importAllArts",
         "10949291341998732076"]]]]],
    ["libs",
     [["import dynlibs", "1723"],
      ["package external libraries", "1723"],
      ["module dynlibs", "1723"],
      ["module plugins", "1723"]]]]],
  ["Lean 4.24.0, commit 797c613eb9b6d4ec95db23e3e00af9ac6657f24b",
   "1165570713881806064"],
  ["/home/stepanie/Downloads/heyting-surreal/WIP/ClosingTheLoop_PaperPack/RESEARCHER_BUNDLE/HeytingLean/ClosingTheLoop/Cat/ClosureOperator.lean",
   "14737609030797269000"],
  ["options", "1723"],
  ["Module.leanArgs: #[]", "1723"]],
 "depHash": "6976837496260154232"}