{"synthetic": false,
 "outputs":
 {"o": ["3798722840647285633"],
  "i": "4416732575457668359",
  "c": "17153877709188513846"},
 "log":
 [{"message":
   ".> LEAN_PATH=/home/stepanie/Downloads/heyting-surreal/WIP/ClosingTheLoop_PaperPack/RESEARCHER_BUNDLE/.lake/packages/mathlib/.lake/build/lib/lean:/home/stepanie/Downloads/heyting-surreal/WIP/ClosingTheLoop_PaperPack/RESEARCHER_BUNDLE/.lake/packages/plausible/.lake/build/lib/lean:/home/stepanie/Downloads/heyting-surreal/WIP/ClosingTheLoop_PaperPack/RESEARCHER_BUNDLE/.lake/packages/LeanSearchClient/.lake/build/lib/lean:/home/stepanie/Downloads/heyting-surreal/WIP/ClosingTheLoop_PaperPack/RESEARCHER_BUNDLE/.lake/packages/importGraph/.lake/build/lib/lean:/home/stepanie/Downloads/heyting-surreal/WIP/ClosingTheLoop_PaperPack/RESEARCHER_BUNDLE/.lake/packages/proofwidgets/.lake/build/lib/lean:/home/stepanie/Downloads/heyting-surreal/WIP/ClosingTheLoop_PaperPack/RESEARCHER_BUNDLE/.lake/packages/aesop/.lake/build/lib/lean:/home/stepanie/Downloads/heyting-surreal/WIP/ClosingTheLoop_PaperPack/RESEARCHER_BUNDLE/.lake/packages/Qq/.lake/build/lib/lean:/home/stepanie/Downloads/heyting-surreal/WIP/ClosingTheLoop_PaperPack/RESEARCHER_BUNDLE/.lake/packages/batteries/.lake/build/lib/lean:/home/stepanie/Downloads/heyting-surreal/WIP/ClosingTheLoop_PaperPack/RESEARCHER_BUNDLE/.lake/packages/Cli/.lake/build/lib/lean:/home/stepanie/Downloads/heyting-surreal/WIP/ClosingTheLoop_PaperPack/RESEARCHER_BUNDLE/.lake/build/lib/lean /home/stepanie/.elan/toolchains/leanprover--lean4---v4.24.0/bin/lean /home/stepanie/Downloads/heyting-surreal/WIP/ClosingTheLoop_PaperPack/RESEARCHER_BUNDLE/HeytingLean/ClosingTheLoop/Cat/Concreteness.lean -o /home/stepanie/Downloads/heyting-surreal/WIP/ClosingTheLoop_PaperPack/RESEARCHER_BUNDLE/.lake/build/lib/lean/HeytingLean/ClosingTheLoop/Cat/Concreteness.olean -i /home/stepanie/Downloads/heyting-surreal/WIP/ClosingTheLoop_PaperPack/RESEARCHER_BUNDLE/.lake/build/lib/lean/HeytingLean/ClosingTheLoop/Cat/Concreteness.ilean -c /home/stepanie/Downloads/heyting-surreal/WIP/ClosingTheLoop_PaperPack/RESEARCHER_BUNDLE/.lake/build/ir/HeytingLean/ClosingTheLoop/Cat/Concreteness.c --setup /home/stepanie/Downloads/heyting-surreal/WIP/ClosingTheLoop_PaperPack/RESEARCHER_BUNDLE/.lake/build/ir/HeytingLean/ClosingTheLoop/Cat/Concreteness.setup.json --json",
   "level": "trace"}],
 "inputs":
 [["HeytingLean.ClosingTheLoop.Cat.Concreteness:deps",
   [["deps",
     [["ClosingTheLoopBundle/HeytingLean:extraDep",
       [["@ClosingTheLoopBundle:extraDep", "1723"]]],
      ["imports",
       [["Mathlib.CategoryTheory.Functor.FullyFaithful transitive imports (legacy)",
         "9875996892234497028"],
        ["Mathlib.CategoryTheory.Functor.FullyFaithful:importAllArts",
         "15934827907144834790"],
        ["Mathlib.CategoryTheory.Types.Basic transitive imports (legacy)",
         "1412451307835135273"],
        ["Mathlib.CategoryTheory.Types.Basic:importAllArts",
         "9256773193115597172"],
        ["Mathlib.CategoryTheory.Yoneda transitive imports (legacy)",
         "11120456418446762234"],
        ["Mathlib.CategoryTheory.Yoneda:importAllArts", "14024192112445291006"],
        ["HeytingLean.ClosingTheLoop.Cat.ClosureOperator transitive imports (legacy)",
         "13483543499877443399"],
        ["HeytingLean.ClosingTheLoop.Cat.ClosureOperator:importAllArts",
         "7905718605633948196"]]]]],
    ["libs",
     [["import dynlibs", "1723"],
      ["package external libraries", "1723"],
      ["module dynlibs", "1723"],
      ["module plugins", "1723"]]]]],
  ["Lean 4.24.0, commit 797c613eb9b6d4ec95db23e3e00af9ac6657f24b",
   "1165570713881806064"],
  ["/home/stepanie/Downloads/heyting-surreal/WIP/ClosingTheLoop_PaperPack/RESEARCHER_BUNDLE/HeytingLean/ClosingTheLoop/Cat/Concreteness.lean",
   "1989504063220188081"],
  ["options", "1723"],
  ["Module.leanArgs: #[]", "1723"]],
 "depHash": "16638319622781235853"}