{"synthetic": false,
 "outputs":
 {"o": ["8879902550108304961"],
  "i": "12937649988359556371",
  "c": "6651980131174885776"},
 "log":
 [{"message":
   ".> LEAN_PATH=/home/stepanie/Downloads/heyting-surreal/WIP/ClosingTheLoop_PaperPack/RESEARCHER_BUNDLE/.lake/packages/Cli/.lake/build/lib/lean:/home/stepanie/Downloads/heyting-surreal/WIP/ClosingTheLoop_PaperPack/RESEARCHER_BUNDLE/.lake/packages/mathlib/.lake/build/lib/lean:/home/stepanie/Downloads/heyting-surreal/WIP/ClosingTheLoop_PaperPack/RESEARCHER_BUNDLE/.lake/packages/plausible/.lake/build/lib/lean:/home/stepanie/Downloads/heyting-surreal/WIP/ClosingTheLoop_PaperPack/RESEARCHER_BUNDLE/.lake/packages/LeanSearchClient/.lake/build/lib/lean:/home/stepanie/Downloads/heyting-surreal/WIP/ClosingTheLoop_PaperPack/RESEARCHER_BUNDLE/.lake/packages/importGraph/.lake/build/lib/lean:/home/stepanie/Downloads/heyting-surreal/WIP/ClosingTheLoop_PaperPack/RESEARCHER_BUNDLE/.lake/packages/proofwidgets/.lake/build/lib/lean:/home/stepanie/Downloads/heyting-surreal/WIP/ClosingTheLoop_PaperPack/RESEARCHER_BUNDLE/.lake/packages/aesop/.lake/build/lib/lean:/home/stepanie/Downloads/heyting-surreal/WIP/ClosingTheLoop_PaperPack/RESEARCHER_BUNDLE/.lake/packages/Qq/.lake/build/lib/lean:/home/stepanie/Downloads/heyting-surreal/WIP/ClosingTheLoop_PaperPack/RESEARCHER_BUNDLE/.lake/packages/batteries/.lake/build/lib/lean:/home/stepanie/Downloads/heyting-surreal/WIP/ClosingTheLoop_PaperPack/RESEARCHER_BUNDLE/.lake/build/lib/lean /home/stepanie/.elan/toolchains/leanprover--lean4---v4.24.0/bin/lean /home/stepanie/Downloads/heyting-surreal/WIP/ClosingTheLoop_PaperPack/RESEARCHER_BUNDLE/HeytingLean/ClosingTheLoop/Semantics/FunctorialTime.lean -o /home/stepanie/Downloads/heyting-surreal/WIP/ClosingTheLoop_PaperPack/RESEARCHER_BUNDLE/.lake/build/lib/lean/HeytingLean/ClosingTheLoop/Semantics/FunctorialTime.olean -i /home/stepanie/Downloads/heyting-surreal/WIP/ClosingTheLoop_PaperPack/RESEARCHER_BUNDLE/.lake/build/lib/lean/HeytingLean/ClosingTheLoop/Semantics/FunctorialTime.ilean -c /home/stepanie/Downloads/heyting-surreal/WIP/ClosingTheLoop_PaperPack/RESEARCHER_BUNDLE/.lake/build/ir/HeytingLean/ClosingTheLoop/Semantics/FunctorialTime.c --setup /home/stepanie/Downloads/heyting-surreal/WIP/ClosingTheLoop_PaperPack/RESEARCHER_BUNDLE/.lake/build/ir/HeytingLean/ClosingTheLoop/Semantics/FunctorialTime.setup.json --json",
   "level": "trace"}],
 "inputs":
 [["HeytingLean.ClosingTheLoop.Semantics.FunctorialTime:deps",
   [["deps",
     [["ClosingTheLoopBundle/HeytingLean:extraDep",
       [["@ClosingTheLoopBundle:extraDep", "1723"]]],
      ["imports",
       [["Mathlib.CategoryTheory.Types.Basic transitive imports (legacy)",
         "1412451307835135273"],
        ["Mathlib.CategoryTheory.Types.Basic:importAllArts",
         "9256773193115597172"],
        ["Mathlib.Data.Set.Lattice transitive imports (legacy)",
         "2071420942023745412"],
        ["Mathlib.Data.Set.Lattice:importAllArts", "1055100760957483784"],
        ["Mathlib.Order.Nucleus transitive imports (legacy)",
         "559900047928912348"],
        ["Mathlib.Order.Nucleus:importAllArts", "13240995042350942800"],
        ["HeytingLean.ClosingTheLoop.Semantics.KernelLaws transitive imports (legacy)",
         "14348611791663339163"],
        ["HeytingLean.ClosingTheLoop.Semantics.KernelLaws:importAllArts",
         "251393536005700479"]]]]],
    ["libs",
     [["import dynlibs", "1723"],
      ["package external libraries", "1723"],
      ["module dynlibs", "1723"],
      ["module plugins", "1723"]]]]],
  ["Lean 4.24.0, commit 797c613eb9b6d4ec95db23e3e00af9ac6657f24b",
   "1165570713881806064"],
  ["/home/stepanie/Downloads/heyting-surreal/WIP/ClosingTheLoop_PaperPack/RESEARCHER_BUNDLE/HeytingLean/ClosingTheLoop/Semantics/FunctorialTime.lean",
   "11953028654523663180"],
  ["options", "1723"],
  ["Module.leanArgs: #[]", "1723"]],
 "depHash": "2921930845476595538"}