{"synthetic": false,
 "outputs":
 {"o": ["2533518806857898507"],
  "i": "12499355952816370372",
  "c": "10094612850288998754"},
 "log":
 [{"message":
   ".> LEAN_PATH=/home/stepanie/Downloads/heyting-surreal/WIP/ClosingTheLoop_PaperPack/RESEARCHER_BUNDLE/.lake/packages/Cli/.lake/build/lib/lean:/home/stepanie/Downloads/heyting-surreal/WIP/ClosingTheLoop_PaperPack/RESEARCHER_BUNDLE/.lake/packages/mathlib/.lake/build/lib/lean:/home/stepanie/Downloads/heyting-surreal/WIP/ClosingTheLoop_PaperPack/RESEARCHER_BUNDLE/.lake/packages/plausible/.lake/build/lib/lean:/home/stepanie/Downloads/heyting-surreal/WIP/ClosingTheLoop_PaperPack/RESEARCHER_BUNDLE/.lake/packages/LeanSearchClient/.lake/build/lib/lean:/home/stepanie/Downloads/heyting-surreal/WIP/ClosingTheLoop_PaperPack/RESEARCHER_BUNDLE/.lake/packages/importGraph/.lake/build/lib/lean:/home/stepanie/Downloads/heyting-surreal/WIP/ClosingTheLoop_PaperPack/RESEARCHER_BUNDLE/.lake/packages/proofwidgets/.lake/build/lib/lean:/home/stepanie/Downloads/heyting-surreal/WIP/ClosingTheLoop_PaperPack/RESEARCHER_BUNDLE/.lake/packages/aesop/.lake/build/lib/lean:/home/stepanie/Downloads/heyting-surreal/WIP/ClosingTheLoop_PaperPack/RESEARCHER_BUNDLE/.lake/packages/Qq/.lake/build/lib/lean:/home/stepanie/Downloads/heyting-surreal/WIP/ClosingTheLoop_PaperPack/RESEARCHER_BUNDLE/.lake/packages/batteries/.lake/build/lib/lean:/home/stepanie/Downloads/heyting-surreal/WIP/ClosingTheLoop_PaperPack/RESEARCHER_BUNDLE/.lake/build/lib/lean /home/stepanie/.elan/toolchains/leanprover--lean4---v4.24.0/bin/lean /home/stepanie/Downloads/heyting-surreal/WIP/ClosingTheLoop_PaperPack/RESEARCHER_BUNDLE/HeytingLean/ClosingTheLoop/BundleDemoMain.lean -o /home/stepanie/Downloads/heyting-surreal/WIP/ClosingTheLoop_PaperPack/RESEARCHER_BUNDLE/.lake/build/lib/lean/HeytingLean/ClosingTheLoop/BundleDemoMain.olean -i /home/stepanie/Downloads/heyting-surreal/WIP/ClosingTheLoop_PaperPack/RESEARCHER_BUNDLE/.lake/build/lib/lean/HeytingLean/ClosingTheLoop/BundleDemoMain.ilean -c /home/stepanie/Downloads/heyting-surreal/WIP/ClosingTheLoop_PaperPack/RESEARCHER_BUNDLE/.lake/build/ir/HeytingLean/ClosingTheLoop/BundleDemoMain.c --setup /home/stepanie/Downloads/heyting-surreal/WIP/ClosingTheLoop_PaperPack/RESEARCHER_BUNDLE/.lake/build/ir/HeytingLean/ClosingTheLoop/BundleDemoMain.setup.json --json",
   "level": "trace"}],
 "inputs":
 [["HeytingLean.ClosingTheLoop.BundleDemoMain:deps",
   [["deps",
     [["ClosingTheLoopBundle/closing_the_loop_bundle_demo:extraDep",
       [["@ClosingTheLoopBundle:extraDep", "1723"]]],
      ["imports",
       [["HeytingLean.ClosingTheLoop transitive imports (legacy)",
         "3563398203595689265"],
        ["HeytingLean.ClosingTheLoop:importAllArts", "14009772442990393153"],
        ["HeytingLean.LambdaIR.NatCompileFrag transitive imports (legacy)",
         "4121184498918983232"],
        ["HeytingLean.LambdaIR.NatCompileFrag:importAllArts",
         "7984462387283701950"],
        ["HeytingLean.MiniC.ToC transitive imports (legacy)",
         "11777272991507986195"],
        ["HeytingLean.MiniC.ToC:importAllArts", "242151585035693322"],
        ["HeytingLean.C.Emit transitive imports (legacy)",
         "8010011353538483497"],
        ["HeytingLean.C.Emit:importAllArts", "16017124434019178521"]]]]],
    ["libs",
     [["import dynlibs", "1723"],
      ["package external libraries", "1723"],
      ["module dynlibs", "1723"],
      ["module plugins", "1723"]]]]],
  ["Lean 4.24.0, commit 797c613eb9b6d4ec95db23e3e00af9ac6657f24b",
   "1165570713881806064"],
  ["/home/stepanie/Downloads/heyting-surreal/WIP/ClosingTheLoop_PaperPack/RESEARCHER_BUNDLE/HeytingLean/ClosingTheLoop/BundleDemoMain.lean",
   "4760708254661617869"],
  ["options", "1723"],
  ["Module.leanArgs: #[]", "1723"]],
 "depHash": "39033455578119864"}